[0712/153141.817:INFO:CONSOLE(163)] "Event handler of 'x-storagemutated-1' event must be added on the initial evaluation of worker script.", source: https://static.whatsapp.net/rsrc.php/v4/yo/r/smcSMLP1hr1.js (163)
[0712/153141.977:INFO:CONSOLE(0)] "Error with Permissions-Policy header: Feature xr-spatial-tracking's parameters are ignored.", source:  (0)
[0712/153141.977:INFO:CONSOLE(0)] "Error with Permissions-Policy header: Origin trial controlled feature not enabled: 'attribution-reporting'.", source:  (0)
[0712/153141.977:INFO:CONSOLE(0)] "Error with Permissions-Policy header: Unrecognized feature: 'compute-pressure'.", source:  (0)
[0712/153141.977:INFO:CONSOLE(0)] "Error with Permissions-Policy header: Origin trial controlled feature not enabled: 'interest-cohort'.", source:  (0)
[0712/153141.977:INFO:CONSOLE(0)] "Error with Permissions-Policy header: Unrecognized feature: 'private-state-token-issuance'.", source:  (0)
[0712/153141.977:INFO:CONSOLE(0)] "Error with Permissions-Policy header: Origin trial controlled feature not enabled: 'shared-storage'.", source:  (0)
[0712/153141.977:INFO:CONSOLE(0)] "Error with Permissions-Policy header: Unrecognized feature: 'shared-storage-select-url'.", source:  (0)
[0712/153141.977:INFO:CONSOLE(0)] "Error with Permissions-Policy header: Unrecognized feature: 'private-state-token-redemption'.", source:  (0)
[0712/153141.977:INFO:CONSOLE(0)] "Error with Permissions-Policy header: Unrecognized feature: 'unload'.", source:  (0)
[0712/153141.977:INFO:CONSOLE(0)] "Error with Permissions-Policy header: Unrecognized feature: 'window-management'.", source:  (0)
[0712/153141.977:INFO:CONSOLE(0)] "Document-Policy HTTP header: Unrecognized document policy feature name include-js-call-stacks-in-crash-reports.", source: https://web.whatsapp.com/ (0)
[0712/153235.212:ERROR:entry_impl.cc(1072)] No file for 8000001a
[0712/153235.215:ERROR:entry_impl.cc(1072)] No file for 8000001b
[0712/153235.482:INFO:CONSOLE(163)] "Event handler of 'x-storagemutated-1' event must be added on the initial evaluation of worker script.", source: https://static.whatsapp.net/rsrc.php/v4/yo/r/smcSMLP1hr1.js (163)
[0712/153238.279:ERROR:entry_impl.cc(1072)] No file for 8000004e
[0712/153240.377:ERROR:entry_impl.cc(1072)] No file for 80000020
[0712/153240.399:ERROR:entry_impl.cc(1072)] No file for 80000021
[0712/153240.407:ERROR:entry_impl.cc(1072)] No file for 80000022
[0712/153240.409:ERROR:entry_impl.cc(1072)] No file for 80000023
[0712/153240.419:ERROR:entry_impl.cc(1072)] No file for 80000024
[0712/153240.419:ERROR:entry_impl.cc(1072)] No file for 80000025
[0712/153240.427:ERROR:entry_impl.cc(1072)] No file for 80000026
[0712/153240.427:ERROR:entry_impl.cc(1072)] No file for 80000028
[0712/153240.427:ERROR:entry_impl.cc(1072)] No file for 80000027
[0712/153240.427:ERROR:entry_impl.cc(1072)] No file for 80000029
[0712/153240.427:ERROR:entry_impl.cc(1072)] No file for 8000002a
[0712/153240.429:ERROR:entry_impl.cc(1072)] No file for 8000002c
[0712/153240.429:ERROR:entry_impl.cc(1072)] No file for 8000002b
[0712/153240.429:ERROR:entry_impl.cc(1072)] No file for 8000002d
[0712/153240.429:ERROR:entry_impl.cc(1072)] No file for 8000002e
[0712/153240.429:ERROR:entry_impl.cc(1072)] No file for 8000002f
[0712/153240.429:ERROR:entry_impl.cc(1072)] No file for 80000030
[0712/153240.429:ERROR:entry_impl.cc(1072)] No file for 80000031
[0712/153240.429:ERROR:entry_impl.cc(1072)] No file for 80000032
[0712/153240.435:ERROR:entry_impl.cc(1072)] No file for 80000034
[0712/153240.435:ERROR:entry_impl.cc(1072)] No file for 80000035
[0712/153240.435:ERROR:entry_impl.cc(1072)] No file for 80000036
[0712/153240.437:ERROR:entry_impl.cc(1072)] No file for 80000037
[0712/153240.437:ERROR:entry_impl.cc(1072)] No file for 80000038
[0712/153240.437:ERROR:entry_impl.cc(1072)] No file for 80000039
[0712/153240.437:ERROR:entry_impl.cc(1072)] No file for 8000003b
[0712/153240.437:ERROR:entry_impl.cc(1072)] No file for 8000003a
[0712/153240.437:ERROR:entry_impl.cc(1072)] No file for 8000003c
[0712/153240.437:ERROR:entry_impl.cc(1072)] No file for 8000003d
[0712/153240.445:ERROR:entry_impl.cc(1072)] No file for 8000003e
[0712/153240.452:ERROR:entry_impl.cc(1072)] No file for 8000003f
[0712/153240.453:ERROR:entry_impl.cc(1072)] No file for 80000040
[0712/153240.469:ERROR:entry_impl.cc(1072)] No file for 80000041
[0712/153240.477:ERROR:entry_impl.cc(1072)] No file for 80000043
[0712/153240.477:ERROR:entry_impl.cc(1072)] No file for 80000042
[0712/153240.477:ERROR:entry_impl.cc(1072)] No file for 80000044
[0712/153240.480:ERROR:entry_impl.cc(1072)] No file for 80000045
[0712/153240.480:ERROR:entry_impl.cc(1072)] No file for 80000046
[0712/153240.480:ERROR:entry_impl.cc(1072)] No file for 80000047
[0712/153240.485:ERROR:entry_impl.cc(1072)] No file for 80000048
[0712/153240.486:ERROR:entry_impl.cc(1072)] No file for 80000049
[0712/153240.486:ERROR:entry_impl.cc(1072)] No file for 8000004a
[0712/153240.486:ERROR:entry_impl.cc(1072)] No file for 8000004c
[0712/153240.493:ERROR:entry_impl.cc(1072)] No file for 8000004b
[0712/153240.493:ERROR:entry_impl.cc(1072)] No file for 8000004d
[0712/153240.495:ERROR:entry_impl.cc(1072)] No file for 8000004f
[0712/153240.495:ERROR:entry_impl.cc(1072)] No file for 80000050
[0712/153240.495:ERROR:entry_impl.cc(1072)] No file for 80000051
[0712/153240.500:ERROR:entry_impl.cc(1072)] No file for 80000053
[0712/153240.500:ERROR:entry_impl.cc(1072)] No file for 80000052
[0712/153240.502:ERROR:entry_impl.cc(1072)] No file for 80000054
[0712/153240.504:ERROR:entry_impl.cc(1072)] No file for 80000056
[0712/153240.504:ERROR:entry_impl.cc(1072)] No file for 80000055
[0712/153240.504:ERROR:entry_impl.cc(1072)] No file for 80000057
[0712/153240.512:ERROR:entry_impl.cc(1072)] No file for 80000059
[0712/153240.512:ERROR:entry_impl.cc(1072)] No file for 8000005a
[0712/153240.513:ERROR:entry_impl.cc(1072)] No file for 8000005b
[0712/153242.478:ERROR:entry_impl.cc(1072)] No file for 8000005c
[0712/153737.761:INFO:CONSOLE(847)] "Failed to parse video contentType: video/mp4; codecs=avc1.42000a", source: https://static.whatsapp.net/rsrc.php/v4iJJ14/yy/l/rt/dg5Fz9hVvj1.js (847)
[0712/153737.761:INFO:CONSOLE(847)] "Failed to parse video contentType: video/mp4; codecs=hev1.1.6.L93.B0", source: https://static.whatsapp.net/rsrc.php/v4iJJ14/yy/l/rt/dg5Fz9hVvj1.js (847)
[0712/153738.624:INFO:CONSOLE(163)] "Event handler of 'x-storagemutated-1' event must be added on the initial evaluation of worker script.", source: https://static.whatsapp.net/rsrc.php/v4/yo/r/smcSMLP1hr1.js (163)
